<?xml version="1.0" encoding="UTF-8" standalone="no"?>
<!DOCTYPE log SYSTEM "logger.dtd">
<log>
<record>
  <date>2021-09-09T17:57:54</date>
  <millis>1631190474301</millis>
  <sequence>0</sequence>
  <logger>org.uma.jmetal.util.JMetalLogger</logger>
  <level>INFO</level>
  <class>org.uma.jmetal.util.JMetalLogger</class>
  <method>configureLoggers</method>
  <thread>1</thread>
  <message>Loggers configured with null</message>
</record>
<record>
  <date>2021-09-09T17:57:54</date>
  <millis>1631190474344</millis>
  <sequence>1</sequence>
  <logger>org.uma.jmetal.util.JMetalLogger</logger>
  <level>INFO</level>
  <class>org.uma.jmetalsp.spark.streamingdatasource.SimpleSparkStreamingCounterDataSource</class>
  <method>run</method>
  <thread>1</thread>
  <message>Run method in the streaming data source invoked</message>
</record>
<record>
  <date>2021-09-09T17:57:54</date>
  <millis>1631190474344</millis>
  <sequence>2</sequence>
  <logger>org.uma.jmetal.util.JMetalLogger</logger>
  <level>INFO</level>
  <class>org.uma.jmetalsp.spark.streamingdatasource.SimpleSparkStreamingCounterDataSource</class>
  <method>run</method>
  <thread>1</thread>
  <message>Directory: streamingDataDirectory</message>
</record>
